2025-09-11 18:23:10 - hopper.api - [34;20mINFO[0m - [logger.py:136] - Sistema de logging configurado
2025-09-11 18:23:10 - hopper.api - [34;20mINFO[0m - [logger.py:137] - Nível de log: INFO
2025-09-11 18:23:10 - hopper.api - [34;20mINFO[0m - [logger.py:138] - Arquivo de log: logs\api_20250911.log
2025-09-11 18:23:10 - hopper.api.main - [34;20mINFO[0m - [main.py:41] - Iniciando aplicação Hopper API
2025-09-11 18:23:10 - hopper.api.powerbi - [34;20mINFO[0m - [powerbi.py:28] - Inicializando cliente PowerBI
2025-09-11 18:23:11 - hopper.api.powerbi - [34;20mINFO[0m - [powerbi.py:63] - Token de acesso adquirido com sucesso
2025-09-11 18:23:11 - hopper.api.powerbi - [34;20mINFO[0m - [powerbi.py:33] - Cliente PowerBI inicializado com sucesso
2025-09-11 18:23:11 - hopper.api.main - [34;20mINFO[0m - [main.py:56] - Cliente PowerBI inicializado com sucesso
2025-09-11 18:23:11 - hopper.api.main - [34;20mINFO[0m - [main.py:89] - Middlewares configurados
2025-09-11 18:24:50 - hopper.api - [34;20mINFO[0m - [logger.py:136] - Sistema de logging configurado
2025-09-11 18:24:50 - hopper.api - [34;20mINFO[0m - [logger.py:137] - Nível de log: INFO
2025-09-11 18:24:50 - hopper.api - [34;20mINFO[0m - [logger.py:138] - Arquivo de log: logs\api_20250911.log
2025-09-11 18:24:50 - hopper.api.main - [34;20mINFO[0m - [main.py:41] - Iniciando aplicação Hopper API
2025-09-11 18:24:50 - hopper.api.powerbi - [34;20mINFO[0m - [powerbi.py:28] - Inicializando cliente PowerBI
2025-09-11 18:24:51 - hopper.api.powerbi - [34;20mINFO[0m - [powerbi.py:63] - Token de acesso adquirido com sucesso
2025-09-11 18:24:51 - hopper.api.powerbi - [34;20mINFO[0m - [powerbi.py:33] - Cliente PowerBI inicializado com sucesso
2025-09-11 18:24:51 - hopper.api.main - [34;20mINFO[0m - [main.py:56] - Cliente PowerBI inicializado com sucesso
2025-09-11 18:24:51 - hopper.api.main - [34;20mINFO[0m - [main.py:89] - Middlewares configurados
2025-09-11 18:26:22 - hopper.api - [34;20mINFO[0m - [logger.py:136] - Sistema de logging configurado
2025-09-11 18:26:22 - hopper.api - [34;20mINFO[0m - [logger.py:137] - Nível de log: INFO
2025-09-11 18:26:22 - hopper.api - [34;20mINFO[0m - [logger.py:138] - Arquivo de log: logs\api_20250911.log
2025-09-11 18:26:22 - hopper.api.main - [34;20mINFO[0m - [main.py:41] - Iniciando aplicação Hopper API
2025-09-11 18:26:22 - hopper.api.powerbi - [34;20mINFO[0m - [powerbi.py:28] - Inicializando cliente PowerBI
2025-09-11 18:26:23 - hopper.api.powerbi - [34;20mINFO[0m - [powerbi.py:63] - Token de acesso adquirido com sucesso
2025-09-11 18:26:23 - hopper.api.powerbi - [34;20mINFO[0m - [powerbi.py:33] - Cliente PowerBI inicializado com sucesso
2025-09-11 18:26:23 - hopper.api.main - [34;20mINFO[0m - [main.py:56] - Cliente PowerBI inicializado com sucesso
2025-09-11 18:26:23 - hopper.api.main - [34;20mINFO[0m - [main.py:89] - Middlewares configurados
2025-09-11 18:26:42 - hopper.api - [34;20mINFO[0m - [logger.py:136] - Sistema de logging configurado
2025-09-11 18:26:42 - hopper.api - [34;20mINFO[0m - [logger.py:137] - Nível de log: INFO
2025-09-11 18:26:42 - hopper.api - [34;20mINFO[0m - [logger.py:138] - Arquivo de log: logs\api_20250911.log
2025-09-11 18:26:43 - hopper.api.main - [34;20mINFO[0m - [main.py:41] - Iniciando aplicação Hopper API
2025-09-11 18:26:43 - hopper.api.powerbi - [34;20mINFO[0m - [powerbi.py:28] - Inicializando cliente PowerBI
2025-09-11 18:26:44 - hopper.api.powerbi - [34;20mINFO[0m - [powerbi.py:63] - Token de acesso adquirido com sucesso
2025-09-11 18:26:44 - hopper.api.powerbi - [34;20mINFO[0m - [powerbi.py:33] - Cliente PowerBI inicializado com sucesso
2025-09-11 18:26:44 - hopper.api.main - [34;20mINFO[0m - [main.py:56] - Cliente PowerBI inicializado com sucesso
2025-09-11 18:26:44 - hopper.api.main - [34;20mINFO[0m - [main.py:89] - Middlewares configurados
